[2019-02-01T17:34:02.271] [INFO] ordersBuy - Buy, price: 0.0307448135, Coinbene price bit: 0.030729, Binance price bit: 0.03079100, Persent: 0.20176380617657444
[2019-02-01T17:34:04.917] [INFO] ordersBuy - Cancel, Coinbene price bit: 0.030745, Binance price bit: 0.03078200, Persent: 0.12034477150755843, Order price: 0.030745, StopbyMin price:0.030743522500000002, cancelByMin: true, StopBuyMax persent: 0, PER_max: 0.1, cancelByMax: false
[2019-02-01T17:34:04.978] [INFO] ordersBuy - Cancel, Coinbene price bit: 0.030745, Binance price bit: 0.03078200, Persent: 0.12034477150755843, Order price: 0.030745, StopbyMin price:0.030743522500000002, cancelByMin: true, StopBuyMax persent: 0, PER_max: 0.1, cancelByMax: false
[2019-02-01T17:34:05.012] [INFO] ordersBuy - Cancel, Coinbene price bit: 0.030745, Binance price bit: 0.03078200, Persent: 0.12034477150755843, Order price: 0.030745, StopbyMin price:0.030743522500000002, cancelByMin: true, StopBuyMax persent: 0, PER_max: 0.1, cancelByMax: false
[2019-02-01T17:34:05.014] [INFO] ordersBuy - Cancel, Coinbene price bit: 0.030745, Binance price bit: 0.03078200, Persent: 0.12034477150755843, Order price: 0.030745, StopbyMin price:0.030743522500000002, cancelByMin: true, StopBuyMax persent: 0, PER_max: 0.1, cancelByMax: false
[2019-02-01T17:34:05.024] [INFO] ordersBuy - Cancel, Coinbene price bit: 0.030745, Binance price bit: 0.03078200, Persent: 0.12034477150755843, Order price: 0.030745, StopbyMin price:0.030743522500000002, cancelByMin: true, StopBuyMax persent: 0, PER_max: 0.1, cancelByMax: false
[2019-02-01T17:34:05.169] [INFO] ordersBuy - Cancel, Coinbene price bit: 0.030745, Binance price bit: 0.03078200, Persent: 0.12034477150755843, Order price: 0.030745, StopbyMin price:0.030743522500000002, cancelByMin: true, StopBuyMax persent: 0, PER_max: 0.1, cancelByMax: false
[2019-02-01T17:34:05.326] [INFO] ordersBuy - Cancel, Coinbene price bit: 0.030745, Binance price bit: 0.03078200, Persent: 0.12034477150755843, Order price: 0.030745, StopbyMin price:0.030743522500000002, cancelByMin: true, StopBuyMax persent: 0, PER_max: 0.1, cancelByMax: false
[2019-02-01T17:34:05.333] [INFO] ordersBuy - Cancel, Coinbene price bit: 0.030745, Binance price bit: 0.03078200, Persent: 0.12034477150755843, Order price: 0.030745, StopbyMin price:0.030743522500000002, cancelByMin: true, StopBuyMax persent: 0, PER_max: 0.1, cancelByMax: false
[2019-02-01T17:34:05.458] [INFO] ordersBuy - Cancel, Coinbene price bit: 0.030745, Binance price bit: 0.03078200, Persent: 0.12034477150755843, Order price: 0.030745, StopbyMin price:0.030743522500000002, cancelByMin: true, StopBuyMax persent: 0, PER_max: 0.1, cancelByMax: false
[2019-02-01T17:34:05.460] [INFO] ordersBuy - Cancel, Coinbene price bit: 0.030745, Binance price bit: 0.03078200, Persent: 0.12034477150755843, Order price: 0.030745, StopbyMin price:0.030743522500000002, cancelByMin: true, StopBuyMax persent: 0, PER_max: 0.1, cancelByMax: false
[2019-02-01T17:34:05.461] [INFO] ordersBuy - Cancel, Coinbene price bit: 0.030745, Binance price bit: 0.03078200, Persent: 0.12034477150755843, Order price: 0.030745, StopbyMin price:0.030743522500000002, cancelByMin: true, StopBuyMax persent: 0, PER_max: 0.1, cancelByMax: false
[2019-02-01T17:34:05.534] [INFO] ordersBuy - Cancel, Coinbene price bit: 0.030745, Binance price bit: 0.03078200, Persent: 0.12034477150755843, Order price: 0.030745, StopbyMin price:0.030743522500000002, cancelByMin: true, StopBuyMax persent: 0, PER_max: 0.1, cancelByMax: false
[2019-02-01T17:34:05.546] [INFO] ordersBuy - Cancel, Coinbene price bit: 0.030745, Binance price bit: 0.03078200, Persent: 0.12034477150755843, Order price: 0.030745, StopbyMin price:0.030743522500000002, cancelByMin: true, StopBuyMax persent: 0, PER_max: 0.1, cancelByMax: false
[2019-02-01T17:34:05.557] [INFO] ordersBuy - Buy, price: 0.030735827, Coinbene price bit: 0.030729, Binance price bit: 0.03078200, Persent: 0.1724755117315922
[2019-02-01T17:34:05.589] [INFO] ordersBuy - Buy, price: 0.030735827, Coinbene price bit: 0.030729, Binance price bit: 0.03078200, Persent: 0.1724755117315922
[2019-02-01T17:34:05.629] [INFO] ordersBuy - Cancel, Coinbene price bit: 0.030745, Binance price bit: 0.03078200, Persent: 0.12034477150755843, Order price: 0.030745, StopbyMin price:0.030743522500000002, cancelByMin: true, StopBuyMax persent: 0, PER_max: 0.1, cancelByMax: false
[2019-02-01T17:34:05.630] [INFO] ordersBuy - Cancel, Coinbene price bit: 0.030745, Binance price bit: 0.03078200, Persent: 0.12034477150755843, Order price: 0.030745, StopbyMin price:0.030743522500000002, cancelByMin: true, StopBuyMax persent: 0, PER_max: 0.1, cancelByMax: false
[2019-02-01T17:34:05.632] [INFO] ordersBuy - Cancel, Coinbene price bit: 0.030745, Binance price bit: 0.03078200, Persent: 0.12034477150755843, Order price: 0.030745, StopbyMin price:0.030743522500000002, cancelByMin: true, StopBuyMax persent: 0, PER_max: 0.1, cancelByMax: false
[2019-02-01T17:34:05.686] [INFO] ordersBuy - Buy, price: 0.030735827, Coinbene price bit: 0.030729, Binance price bit: 0.03078200, Persent: 0.1724755117315922
[2019-02-01T17:34:05.719] [INFO] ordersBuy - Buy, price: 0.030735827, Coinbene price bit: 0.030729, Binance price bit: 0.03078200, Persent: 0.1724755117315922
[2019-02-01T17:34:05.830] [INFO] ordersBuy - Buy, price: 0.030735827, Coinbene price bit: 0.030729, Binance price bit: 0.03078200, Persent: 0.1724755117315922
[2019-02-01T17:34:05.854] [INFO] ordersBuy - Buy, price: 0.030735827, Coinbene price bit: 0.030729, Binance price bit: 0.03078200, Persent: 0.1724755117315922
[2019-02-01T17:34:05.900] [INFO] ordersBuy - Buy, price: 0.030735827, Coinbene price bit: 0.030729, Binance price bit: 0.03078200, Persent: 0.1724755117315922
[2019-02-01T17:34:05.915] [INFO] ordersBuy - Buy, price: 0.030735827, Coinbene price bit: 0.030729, Binance price bit: 0.03078200, Persent: 0.1724755117315922
[2019-02-01T17:34:05.942] [INFO] ordersBuy - Buy, price: 0.030735827, Coinbene price bit: 0.030729, Binance price bit: 0.03078200, Persent: 0.1724755117315922
[2019-02-01T17:34:05.977] [INFO] ordersBuy - Buy, price: 0.030735827, Coinbene price bit: 0.030729, Binance price bit: 0.03078200, Persent: 0.1724755117315922
[2019-02-01T17:34:06.010] [INFO] ordersBuy - Buy, price: 0.030735827, Coinbene price bit: 0.030729, Binance price bit: 0.03078200, Persent: 0.1724755117315922
[2019-02-01T17:34:06.042] [INFO] ordersBuy - Buy, price: 0.030735827, Coinbene price bit: 0.030729, Binance price bit: 0.03078200, Persent: 0.1724755117315922
[2019-02-01T17:34:06.069] [INFO] ordersBuy - Buy, price: 0.030735827, Coinbene price bit: 0.030729, Binance price bit: 0.03078200, Persent: 0.1724755117315922
[2019-02-01T17:34:06.098] [INFO] ordersBuy - Buy, price: 0.030735827, Coinbene price bit: 0.030729, Binance price bit: 0.03078200, Persent: 0.1724755117315922
[2019-02-01T17:34:06.137] [INFO] ordersBuy - Buy, price: 0.030735827, Coinbene price bit: 0.030729, Binance price bit: 0.03078200, Persent: 0.1724755117315922
[2019-02-01T18:49:28.313] [INFO] ordersBuy - Buy, price: 0.030861638000000004, Coinbene price bit: 0.030861, Binance price bit: 0.03090800, Persent: 0.15229577784259066
[2019-02-01T18:49:45.287] [INFO] ordersBuy - Cancel, Coinbene price bit: 0.030863, Binance price bit: 0.03090000, Persent: 0.11988465152447539, Order price: 0.030862, StopbyMin price:0.030861375, cancelByMin: true, StopBuyMax persent: 0.0032402307044293957, PER_max: 0.1, cancelByMax: false
[2019-02-01T18:50:02.792] [INFO] ordersBuy - Buy, price: 0.030845662, Coinbene price bit: 0.030833, Binance price bit: 0.03089200, Persent: 0.19135342003697345
[2019-02-01T18:50:28.060] [INFO] ordersBuy - Cancel, Coinbene price bit: 0.030893, Binance price bit: 0.03089000, Persent: -0.009710937752887484, Order price: 0.030846, StopbyMin price:0.0308513875, cancelByMin: false, StopBuyMax persent: 0.15236983725605233, PER_max: 0.1, cancelByMax: true
[2019-02-01T18:50:57.324] [INFO] ordersBuy - Buy, price: 0.0308766155, Coinbene price bit: 0.030871, Binance price bit: 0.03092300, Persent: 0.16844287519030793
[2019-02-01T18:51:23.969] [INFO] ordersBuy - Cancel, Coinbene price bit: 0.030879, Binance price bit: 0.03091300, Persent: 0.11010719259043139, Order price: 0.030877, StopbyMin price:0.03087435875, cancelByMin: true, StopBuyMax persent: 0.006477313210475534, PER_max: 0.1, cancelByMax: false
[2019-02-01T18:51:25.493] [INFO] ordersBuy - Buy, price: 0.030866630500000002, Coinbene price bit: 0.030853, Binance price bit: 0.03091300, Persent: 0.1944705539169644
[2019-02-01T18:51:58.963] [INFO] ordersBuy - Cancel, Coinbene price bit: 0.030921, Binance price bit: 0.03091700, Persent: -0.01293619223181828, Order price: 0.030867, StopbyMin price:0.03087835375, cancelByMin: false, StopBuyMax persent: 0.17494411507435761, PER_max: 0.1, cancelByMax: true
[2019-02-01T18:59:05.016] [INFO] ordersBuy - Buy, price: 0.030843665000000003, Coinbene price bit: 0.030843, Binance price bit: 0.03089000, Persent: 0.1523846577829715
[2019-02-01T18:59:35.446] [INFO] ordersBuy - Cancel, Coinbene price bit: 0.030892, Binance price bit: 0.03088800, Persent: -0.012948336138807883, Order price: 0.030844, StopbyMin price:0.03084939, cancelByMin: false, StopBuyMax persent: 0.15562183893139486, PER_max: 0.1, cancelByMax: true
[2019-02-01T18:59:54.712] [INFO] ordersBuy - Buy, price: 0.0308426665, Coinbene price bit: 0.030836, Binance price bit: 0.03088900, Persent: 0.17187702685173487
[2019-02-01T18:59:56.470] [INFO] ordersBuy - Cancel, Coinbene price bit: 0.030891, Binance price bit: 0.03088900, Persent: -0.006474377650443595, Order price: 0.030843, StopbyMin price:0.03085038875, cancelByMin: false, StopBuyMax persent: 0.15562688454430318, PER_max: 0.1, cancelByMax: true
[2019-02-01T19:02:16.495] [INFO] ordersBuy - Buy, price: 0.030892591500000004, Coinbene price bit: 0.030892, Binance price bit: 0.03093900, Persent: 0.15214294963097857
[2019-02-01T19:03:50.324] [INFO] ordersBuy - Cancel, Coinbene price bit: 0.030912, Binance price bit: 0.03093100, Persent: 0.06146480331263476, Order price: 0.030893, StopbyMin price:0.03089233625, cancelByMin: true, StopBuyMax persent: 0.06150260576829115, PER_max: 0.1, cancelByMax: false
[2019-02-01T19:04:32.535] [INFO] ordersBuy - Buy, price: 0.0308965855, Coinbene price bit: 0.030882, Binance price bit: 0.03094300, Persent: 0.19752606696457015
[2019-02-01T19:05:12.063] [INFO] ordersBuy - Cancel, Coinbene price bit: 0.030945, Binance price bit: 0.03094100, Persent: -0.012926159314915272, Order price: 0.030897, StopbyMin price:0.030902323750000002, cancelByMin: false, StopBuyMax persent: 0.15535488882415585, PER_max: 0.1, cancelByMax: true
[2019-02-01T19:18:08.502] [INFO] ordersBuy - Buy, price: 0.030870624500000002, Coinbene price bit: 0.030869, Binance price bit: 0.03091700, Persent: 0.15549580485276307
[2019-02-01T19:18:40.971] [INFO] ordersBuy - Cancel, Coinbene price bit: 0.030872, Binance price bit: 0.03090400, Persent: 0.10365379632029274, Order price: 0.030871, StopbyMin price:0.030865370000000003, cancelByMin: true, StopBuyMax persent: 0.0032392860613553176, PER_max: 0.1, cancelByMax: false
[2019-02-01T19:19:12.944] [INFO] ordersBuy - Buy, price: 0.0308945885, Coinbene price bit: 0.030872, Binance price bit: 0.03094100, Persent: 0.22350349831562458
[2019-02-01T19:19:14.729] [INFO] ordersBuy - Cancel, Coinbene price bit: 0.030895, Binance price bit: 0.03092600, Persent: 0.10033986081890202, Order price: 0.030895, StopbyMin price:0.030887342499999998, cancelByMin: true, StopBuyMax persent: 0, PER_max: 0.1, cancelByMax: false
[2019-02-01T19:19:15.922] [INFO] ordersBuy - Buy, price: 0.030879611, Coinbene price bit: 0.030872, Binance price bit: 0.03092600, Persent: 0.17491578129048488
[2019-02-01T19:19:45.859] [INFO] ordersBuy - Cancel, Coinbene price bit: 0.030881, Binance price bit: 0.03091100, Persent: 0.09714711311162931, Order price: 0.03088, StopbyMin price:0.03087236125, cancelByMin: true, StopBuyMax persent: 0.0032383419689039203, PER_max: 0.1, cancelByMax: false
[2019-02-01T19:23:10.714] [INFO] ordersBuy - Buy, price: 0.030888597500000003, Coinbene price bit: 0.03087, Binance price bit: 0.03093500, Persent: 0.21056041464204434
[2019-02-01T19:23:39.857] [INFO] ordersBuy - Cancel, Coinbene price bit: 0.03089, Binance price bit: 0.03092600, Persent: 0.1165425704111293, Order price: 0.030889, StopbyMin price:0.030887342499999998, cancelByMin: true, StopBuyMax persent: 0.0032373984266276024, PER_max: 0.1, cancelByMax: false
[2019-02-01T19:24:08.372] [INFO] ordersBuy - Buy, price: 0.030879611, Coinbene price bit: 0.03087, Binance price bit: 0.03092600, Persent: 0.18140589569160032
[2019-02-01T19:24:10.170] [INFO] ordersBuy - Cancel, Coinbene price bit: 0.030929, Binance price bit: 0.03092600, Persent: -0.00969963464710466, Order price: 0.03088, StopbyMin price:0.030887342499999998, cancelByMin: false, StopBuyMax persent: 0.15867875647668533, PER_max: 0.1, cancelByMax: true
[2019-02-01T19:25:06.114] [INFO] ordersBuy - Buy, price: 0.030888597500000003, Coinbene price bit: 0.03087, Binance price bit: 0.03093500, Persent: 0.21056041464204434
[2019-02-01T19:26:46.529] [INFO] ordersBuy - Cancel, Coinbene price bit: 0.030954, Binance price bit: 0.03095400, Persent: 0, Order price: 0.030889, StopbyMin price:0.0309153075, cancelByMin: false, StopBuyMax persent: 0.21043089773058074, PER_max: 0.1, cancelByMax: true
[2019-02-01T19:26:47.615] [INFO] ordersBuy - Buy, price: 0.030907569, Coinbene price bit: 0.030896, Binance price bit: 0.03095400, Persent: 0.18772656654582803
