[2019-02-05T05:28:12.468] [ERROR] errors - Binance-order: Error: Illegal characters found in parameter 'quantity'; legal range is '^([0-9]{1,20})(\.[0-9]{1,20})?$'.
[2019-02-05T13:12:38.051] [ERROR] errors - Binance-order: Error: Illegal characters found in parameter 'quantity'; legal range is '^([0-9]{1,20})(\.[0-9]{1,20})?$'.
[2019-02-05T13:25:20.120] [ERROR] errors - Binance-order: Error: Illegal characters found in parameter 'quantity'; legal range is '^([0-9]{1,20})(\.[0-9]{1,20})?$'.
[2019-02-05T20:37:32.159] [ERROR] errors - Binance_getOrderBook: FetchError: request to https://api.binance.com/api/v1/depth?symbol=ETHBTC&limit=10 failed, reason: socket hang up
[2019-02-06T17:07:19.405] [ERROR] errors - CoinBene_getOrderBook: RequestError: Error: read ENETDOWN
[2019-02-07T17:42:01.270] [INFO] errors - Cancel error
[2019-02-08T22:50:21.727] [INFO] errors - quantity errors: 9listOfOrders: 11
[2019-02-08T22:50:22.631] [INFO] errors - quantity errors: 9listOfOrders: 11
[2019-02-08T22:50:23.739] [INFO] errors - quantity errors: 9listOfOrders: 11
[2019-02-08T22:50:24.712] [INFO] errors - quantity errors: 9listOfOrders: 11
[2019-02-08T22:50:26.372] [INFO] errors - quantity errors: 10listOfOrders: 12
[2019-02-08T22:50:28.915] [INFO] errors - quantity errors: 11listOfOrders: 13
[2019-02-08T22:50:30.306] [INFO] errors - quantity errors: 12listOfOrders: 14
[2019-02-08T22:50:31.709] [INFO] errors - quantity errors: 13listOfOrders: 15
[2019-02-08T22:50:33.039] [INFO] errors - quantity errors: 14listOfOrders: 16
[2019-02-08T22:50:34.385] [INFO] errors - quantity errors: 15listOfOrders: 17
[2019-02-08T22:50:36.552] [INFO] errors - quantity errors: 16listOfOrders: 18
[2019-02-08T22:50:37.923] [INFO] errors - quantity errors: 17listOfOrders: 19
[2019-02-08T22:50:39.016] [INFO] errors - quantity errors: 17listOfOrders: 19
[2019-02-08T22:50:40.344] [INFO] errors - quantity errors: 17listOfOrders: 19
[2019-02-08T22:50:41.868] [INFO] errors - quantity errors: 18listOfOrders: 20
[2019-02-08T22:50:43.257] [INFO] errors - quantity errors: 19listOfOrders: 21
[2019-02-08T22:50:44.795] [INFO] errors - quantity errors: 20listOfOrders: 22
[2019-02-08T22:50:46.228] [INFO] errors - quantity errors: 20listOfOrders: 22
[2019-02-08T22:50:47.171] [INFO] errors - quantity errors: 20listOfOrders: 22
[2019-02-08T22:50:48.370] [INFO] errors - quantity errors: 20listOfOrders: 22
[2019-02-08T22:50:49.794] [INFO] errors - quantity errors: 21listOfOrders: 23
[2019-02-08T22:50:51.286] [INFO] errors - quantity errors: 22listOfOrders: 24
[2019-02-08T22:50:52.681] [INFO] errors - quantity errors: 23listOfOrders: 25
[2019-02-08T22:50:53.644] [INFO] errors - quantity errors: 22listOfOrders: 24
[2019-02-08T22:50:54.609] [INFO] errors - quantity errors: 22listOfOrders: 24
[2019-02-08T22:50:55.615] [INFO] errors - quantity errors: 22listOfOrders: 24
[2019-02-08T22:50:56.574] [INFO] errors - quantity errors: 22listOfOrders: 24
[2019-02-08T22:50:57.979] [INFO] errors - quantity errors: 23listOfOrders: 25
[2019-02-08T22:50:58.917] [INFO] errors - quantity errors: 23listOfOrders: 25
[2019-02-08T22:50:59.911] [INFO] errors - quantity errors: 23listOfOrders: 25
[2019-02-08T22:51:00.873] [INFO] errors - quantity errors: 23listOfOrders: 25
[2019-02-08T22:51:02.477] [INFO] errors - quantity errors: 24listOfOrders: 26
[2019-02-08T22:51:03.511] [INFO] errors - quantity errors: 24listOfOrders: 26
[2019-02-08T22:51:05.109] [INFO] errors - quantity errors: 25listOfOrders: 27
[2019-02-08T22:51:06.136] [INFO] errors - quantity errors: 25listOfOrders: 27
[2019-02-08T22:51:08.231] [INFO] errors - quantity errors: 25listOfOrders: 27
[2019-02-08T22:51:09.656] [INFO] errors - quantity errors: 26listOfOrders: 28
[2019-02-08T22:51:10.804] [INFO] errors - quantity errors: 26listOfOrders: 28
[2019-02-08T22:51:11.789] [INFO] errors - quantity errors: 26listOfOrders: 28
[2019-02-08T22:51:12.773] [INFO] errors - quantity errors: 26listOfOrders: 28
[2019-02-08T22:51:13.710] [INFO] errors - quantity errors: 26listOfOrders: 28
[2019-02-08T22:51:14.743] [INFO] errors - quantity errors: 26listOfOrders: 28
[2019-02-08T22:51:15.708] [INFO] errors - quantity errors: 26listOfOrders: 28
[2019-02-08T22:51:17.757] [INFO] errors - quantity errors: 26listOfOrders: 28
[2019-02-08T22:51:18.739] [INFO] errors - quantity errors: 26listOfOrders: 28
[2019-02-08T22:51:21.475] [INFO] errors - quantity errors: 26listOfOrders: 28
[2019-02-08T22:51:22.563] [INFO] errors - quantity errors: 26listOfOrders: 28
[2019-02-08T22:51:23.578] [INFO] errors - quantity errors: 26listOfOrders: 28
[2019-02-08T22:51:25.085] [INFO] errors - quantity errors: 27listOfOrders: 29
[2019-02-08T22:51:26.543] [INFO] errors - quantity errors: 25listOfOrders: 27
[2019-02-08T22:51:27.456] [INFO] errors - quantity errors: 25listOfOrders: 27
[2019-02-08T22:51:29.130] [INFO] errors - quantity errors: 23listOfOrders: 26
[2019-02-08T22:51:30.068] [INFO] errors - quantity errors: 23listOfOrders: 26
[2019-02-08T22:51:31.526] [INFO] errors - quantity errors: 21listOfOrders: 24
[2019-02-08T22:51:33.040] [INFO] errors - quantity errors: 21listOfOrders: 24
[2019-02-08T22:51:34.399] [INFO] errors - quantity errors: 21listOfOrders: 24
[2019-02-08T22:51:35.336] [INFO] errors - quantity errors: 21listOfOrders: 24
[2019-02-08T22:51:37.277] [INFO] errors - quantity errors: 9listOfOrders: 12
[2019-02-08T22:51:38.220] [INFO] errors - quantity errors: 9listOfOrders: 12
[2019-02-08T22:51:39.592] [INFO] errors - quantity errors: 10listOfOrders: 13
[2019-02-08T22:51:40.973] [INFO] errors - quantity errors: 11listOfOrders: 14
[2019-02-08T22:51:42.013] [INFO] errors - quantity errors: 11listOfOrders: 14
[2019-02-08T22:51:43.191] [INFO] errors - quantity errors: 11listOfOrders: 14
[2019-02-08T22:51:44.192] [INFO] errors - quantity errors: 11listOfOrders: 14
[2019-02-08T22:51:45.093] [INFO] errors - quantity errors: 11listOfOrders: 14
[2019-02-08T22:51:46.156] [INFO] errors - quantity errors: 9listOfOrders: 11
[2019-02-08T22:51:48.841] [INFO] errors - quantity errors: 8listOfOrders: 11
[2019-02-08T22:51:49.764] [INFO] errors - quantity errors: 8listOfOrders: 11
[2019-02-08T22:51:50.663] [INFO] errors - quantity errors: 8listOfOrders: 11
[2019-02-08T22:51:52.764] [INFO] errors - quantity errors: 2listOfOrders: 5
[2019-02-08T22:51:54.205] [INFO] errors - quantity errors: 3listOfOrders: 6
[2019-02-08T22:51:55.629] [INFO] errors - quantity errors: 4listOfOrders: 7
[2019-02-08T22:51:58.044] [INFO] errors - quantity errors: 5listOfOrders: 8
[2019-02-08T22:51:58.978] [INFO] errors - quantity errors: 5listOfOrders: 8
[2019-02-08T22:51:59.904] [INFO] errors - quantity errors: 5listOfOrders: 8
[2019-02-08T22:52:00.846] [INFO] errors - quantity errors: 5listOfOrders: 8
[2019-02-08T22:52:01.892] [INFO] errors - quantity errors: 5listOfOrders: 8
[2019-02-08T22:52:03.258] [INFO] errors - quantity errors: 6listOfOrders: 9
[2019-02-08T22:52:04.736] [INFO] errors - quantity errors: 3listOfOrders: 6
[2019-02-08T22:52:05.901] [INFO] errors - quantity errors: 3listOfOrders: 6
[2019-02-08T22:52:07.475] [INFO] errors - quantity errors: 3listOfOrders: 6
[2019-02-08T22:52:08.427] [INFO] errors - quantity errors: 3listOfOrders: 6
[2019-02-08T22:52:09.339] [INFO] errors - quantity errors: 3listOfOrders: 6
[2019-02-08T22:52:10.689] [INFO] errors - quantity errors: 3listOfOrders: 6
[2019-02-08T22:52:11.671] [INFO] errors - quantity errors: 3listOfOrders: 6
[2019-02-08T22:52:12.574] [INFO] errors - quantity errors: 3listOfOrders: 6
[2019-02-08T22:52:13.469] [INFO] errors - quantity errors: 3listOfOrders: 6
[2019-02-08T22:52:14.858] [INFO] errors - quantity errors: -2listOfOrders: 1
[2019-02-08T22:52:16.316] [INFO] errors - quantity errors: -1listOfOrders: 2
[2019-02-08T22:52:17.753] [INFO] errors - quantity errors: 0listOfOrders: 3
[2019-02-08T22:52:19.134] [INFO] errors - quantity errors: 1listOfOrders: 4
[2019-02-08T22:52:20.504] [INFO] errors - quantity errors: 2listOfOrders: 5
[2019-02-08T22:52:22.003] [INFO] errors - quantity errors: 3listOfOrders: 6
[2019-02-08T22:52:23.005] [INFO] errors - quantity errors: 3listOfOrders: 6
[2019-02-08T22:52:23.941] [INFO] errors - quantity errors: 3listOfOrders: 6
[2019-02-08T22:52:25.330] [INFO] errors - quantity errors: 4listOfOrders: 7
[2019-02-08T22:52:26.298] [INFO] errors - quantity errors: 4listOfOrders: 7
[2019-02-08T22:52:27.320] [INFO] errors - quantity errors: 3listOfOrders: 6
[2019-02-08T22:52:28.656] [INFO] errors - quantity errors: 4listOfOrders: 7
[2019-02-08T22:52:29.777] [INFO] errors - quantity errors: 4listOfOrders: 7
[2019-02-08T22:52:31.127] [INFO] errors - quantity errors: 5listOfOrders: 8
[2019-02-08T22:52:32.036] [INFO] errors - quantity errors: 5listOfOrders: 8
[2019-02-08T22:52:32.960] [INFO] errors - quantity errors: 5listOfOrders: 8
[2019-02-08T22:52:33.909] [INFO] errors - quantity errors: 5listOfOrders: 8
[2019-02-08T22:52:34.933] [INFO] errors - quantity errors: 5listOfOrders: 8
[2019-02-08T22:52:35.905] [INFO] errors - quantity errors: 5listOfOrders: 8
[2019-02-08T22:52:36.889] [INFO] errors - quantity errors: 5listOfOrders: 8
[2019-02-08T22:52:37.828] [INFO] errors - quantity errors: 5listOfOrders: 8
[2019-02-08T22:52:38.770] [INFO] errors - quantity errors: 5listOfOrders: 8
[2019-02-08T22:52:39.837] [INFO] errors - quantity errors: 5listOfOrders: 8
[2019-02-08T22:52:40.760] [INFO] errors - quantity errors: 5listOfOrders: 8
[2019-02-08T22:52:41.724] [INFO] errors - quantity errors: 5listOfOrders: 8
[2019-02-08T22:52:42.624] [INFO] errors - quantity errors: 5listOfOrders: 8
[2019-02-08T22:52:43.626] [INFO] errors - quantity errors: 5listOfOrders: 8
[2019-02-08T22:52:44.610] [INFO] errors - quantity errors: 5listOfOrders: 8
[2019-02-08T22:52:45.545] [INFO] errors - quantity errors: 5listOfOrders: 8
[2019-02-08T22:52:46.824] [INFO] errors - quantity errors: 5listOfOrders: 8
[2019-02-08T22:52:47.775] [INFO] errors - quantity errors: 5listOfOrders: 8
[2019-02-08T22:52:48.721] [INFO] errors - quantity errors: 5listOfOrders: 8
[2019-02-08T22:52:49.679] [INFO] errors - quantity errors: 5listOfOrders: 8
[2019-02-08T22:52:50.658] [INFO] errors - quantity errors: 5listOfOrders: 8
[2019-02-08T22:52:51.578] [INFO] errors - quantity errors: 5listOfOrders: 8
[2019-02-08T22:52:52.590] [INFO] errors - quantity errors: 5listOfOrders: 8
[2019-02-08T22:52:53.520] [INFO] errors - quantity errors: 5listOfOrders: 8
[2019-02-08T22:52:54.872] [INFO] errors - quantity errors: 6listOfOrders: 9
[2019-02-08T22:52:55.887] [INFO] errors - quantity errors: 6listOfOrders: 9
[2019-02-08T22:52:56.978] [INFO] errors - quantity errors: 6listOfOrders: 9
[2019-02-08T22:52:57.927] [INFO] errors - quantity errors: 6listOfOrders: 9
[2019-02-08T22:52:59.282] [INFO] errors - quantity errors: 7listOfOrders: 10
[2019-02-08T22:53:00.237] [INFO] errors - quantity errors: 7listOfOrders: 10
[2019-02-08T22:53:01.285] [INFO] errors - quantity errors: 7listOfOrders: 10
[2019-02-08T22:53:02.238] [INFO] errors - quantity errors: 7listOfOrders: 10
[2019-02-08T22:53:03.202] [INFO] errors - quantity errors: 6listOfOrders: 9
[2019-02-08T22:53:04.146] [INFO] errors - quantity errors: 6listOfOrders: 9
[2019-02-08T22:53:05.080] [INFO] errors - quantity errors: 6listOfOrders: 9
[2019-02-08T22:53:06.202] [INFO] errors - quantity errors: 6listOfOrders: 9
[2019-02-08T22:53:07.603] [INFO] errors - quantity errors: 7listOfOrders: 10
[2019-02-08T22:53:08.516] [INFO] errors - quantity errors: 7listOfOrders: 10
[2019-02-08T22:53:09.898] [INFO] errors - quantity errors: 7listOfOrders: 10
[2019-02-08T22:53:10.881] [INFO] errors - quantity errors: 7listOfOrders: 10
[2019-02-08T22:53:11.918] [INFO] errors - quantity errors: 7listOfOrders: 10
[2019-02-08T22:53:12.896] [INFO] errors - quantity errors: 7listOfOrders: 10
[2019-02-08T22:53:13.956] [INFO] errors - quantity errors: 7listOfOrders: 10
[2019-02-08T22:53:15.383] [INFO] errors - quantity errors: 8listOfOrders: 11
[2019-02-08T22:53:16.285] [INFO] errors - quantity errors: 8listOfOrders: 11
[2019-02-08T22:53:17.192] [INFO] errors - quantity errors: 8listOfOrders: 11
[2019-02-08T22:53:18.156] [INFO] errors - quantity errors: 8listOfOrders: 11
[2019-02-08T22:53:19.354] [INFO] errors - quantity errors: 8listOfOrders: 11
[2019-02-08T22:53:21.306] [INFO] errors - quantity errors: 8listOfOrders: 11
[2019-02-08T22:53:22.749] [INFO] errors - quantity errors: 4listOfOrders: 7
[2019-02-08T22:53:24.209] [INFO] errors - quantity errors: -2listOfOrders: 1
[2019-02-08T22:53:25.307] [INFO] errors - quantity errors: -2listOfOrders: 1
[2019-02-08T22:53:26.425] [INFO] errors - quantity errors: -2listOfOrders: 1
[2019-02-08T22:53:27.429] [INFO] errors - quantity errors: -2listOfOrders: 1
[2019-02-08T22:53:28.922] [INFO] errors - quantity errors: -1listOfOrders: 2
[2019-02-08T22:53:30.332] [INFO] errors - quantity errors: 0listOfOrders: 3
[2019-02-08T22:53:31.742] [INFO] errors - quantity errors: 0listOfOrders: 3
[2019-02-08T22:53:33.944] [INFO] errors - quantity errors: 1listOfOrders: 4
[2019-02-08T22:53:34.850] [INFO] errors - quantity errors: 1listOfOrders: 4
[2019-02-08T22:53:36.299] [INFO] errors - quantity errors: 2listOfOrders: 5
[2019-02-08T22:53:37.668] [INFO] errors - quantity errors: 1listOfOrders: 4
[2019-02-08T22:53:42.125] [INFO] errors - quantity errors: -2listOfOrders: 1
[2019-02-08T22:53:43.511] [INFO] errors - quantity errors: -1listOfOrders: 2
[2019-02-08T22:53:45.049] [INFO] errors - quantity errors: -2listOfOrders: 1
[2019-02-08T22:53:46.446] [INFO] errors - quantity errors: -1listOfOrders: 2
[2019-02-08T22:53:47.843] [INFO] errors - quantity errors: 0listOfOrders: 3
[2019-02-08T22:53:49.354] [INFO] errors - quantity errors: 1listOfOrders: 4
[2019-02-08T22:53:50.752] [INFO] errors - quantity errors: 2listOfOrders: 5
[2019-02-08T22:53:52.225] [INFO] errors - quantity errors: 3listOfOrders: 6
[2019-02-08T22:53:53.675] [INFO] errors - quantity errors: 4listOfOrders: 7
[2019-02-08T22:53:55.578] [INFO] errors - quantity errors: 5listOfOrders: 8
[2019-02-08T22:53:57.585] [INFO] errors - quantity errors: 4listOfOrders: 7
[2019-02-08T22:53:58.991] [INFO] errors - quantity errors: 5listOfOrders: 8
[2019-02-08T22:54:00.409] [INFO] errors - quantity errors: 3listOfOrders: 6
[2019-02-08T22:54:01.433] [INFO] errors - quantity errors: 3listOfOrders: 6
[2019-02-08T22:54:02.397] [INFO] errors - quantity errors: 3listOfOrders: 6
[2019-02-08T22:54:03.431] [INFO] errors - quantity errors: 3listOfOrders: 6
[2019-02-08T22:54:04.881] [INFO] errors - quantity errors: 3listOfOrders: 6
[2019-02-08T22:54:06.270] [INFO] errors - quantity errors: 4listOfOrders: 7
[2019-02-08T22:54:07.664] [INFO] errors - quantity errors: 5listOfOrders: 8
[2019-02-08T22:54:09.563] [INFO] errors - quantity errors: 5listOfOrders: 8
[2019-02-08T22:54:10.521] [INFO] errors - quantity errors: 5listOfOrders: 8
[2019-02-08T22:54:12.047] [INFO] errors - quantity errors: 6listOfOrders: 9
[2019-02-08T22:54:13.116] [INFO] errors - quantity errors: 6listOfOrders: 9
[2019-02-08T22:54:14.721] [INFO] errors - quantity errors: 0listOfOrders: 3
[2019-02-08T22:54:16.157] [INFO] errors - quantity errors: 1listOfOrders: 4
[2019-02-08T22:54:17.612] [INFO] errors - quantity errors: 1listOfOrders: 4
[2019-02-08T22:54:20.047] [INFO] errors - quantity errors: -2listOfOrders: 1
[2019-02-08T22:54:22.418] [INFO] errors - quantity errors: -1listOfOrders: 2
[2019-02-08T22:54:24.978] [INFO] errors - quantity errors: 0listOfOrders: 3
[2019-02-08T22:54:26.380] [INFO] errors - quantity errors: 1listOfOrders: 4
[2019-02-08T22:54:27.727] [INFO] errors - quantity errors: -1listOfOrders: 2
[2019-02-08T22:54:31.246] [INFO] errors - quantity errors: -2listOfOrders: 1
[2019-02-08T22:54:32.703] [INFO] errors - quantity errors: -1listOfOrders: 2
[2019-02-08T22:54:34.151] [INFO] errors - quantity errors: 0listOfOrders: 3
[2019-02-08T22:54:35.642] [INFO] errors - quantity errors: 1listOfOrders: 4
[2019-02-08T22:54:37.131] [INFO] errors - quantity errors: 2listOfOrders: 5
[2019-02-08T22:54:38.509] [INFO] errors - quantity errors: 3listOfOrders: 6
[2019-02-08T22:54:40.015] [INFO] errors - quantity errors: 4listOfOrders: 7
[2019-02-08T22:54:41.953] [INFO] errors - quantity errors: 5listOfOrders: 8
[2019-02-08T22:54:43.458] [INFO] errors - quantity errors: 5listOfOrders: 8
[2019-02-08T22:54:44.802] [INFO] errors - quantity errors: 6listOfOrders: 9
[2019-02-08T22:54:46.147] [INFO] errors - quantity errors: 7listOfOrders: 10
[2019-02-08T22:54:47.700] [INFO] errors - quantity errors: 8listOfOrders: 11
[2019-02-08T22:54:49.105] [INFO] errors - quantity errors: 9listOfOrders: 12
[2019-02-08T22:54:50.246] [INFO] errors - quantity errors: 7listOfOrders: 10
[2019-02-08T22:55:35.698] [INFO] errors - quantity errors: 7listOfOrders: 8
[2019-02-08T22:55:37.273] [INFO] errors - quantity errors: 3listOfOrders: 6
[2019-02-08T22:55:38.719] [INFO] errors - quantity errors: 3listOfOrders: 6
[2019-02-08T22:55:40.074] [INFO] errors - quantity errors: 4listOfOrders: 7
[2019-02-08T22:55:43.575] [INFO] errors - quantity errors: 5listOfOrders: 8
[2019-02-08T22:55:44.945] [INFO] errors - quantity errors: 6listOfOrders: 9
[2019-02-08T22:55:46.430] [INFO] errors - quantity errors: 1listOfOrders: 4
[2019-02-08T22:55:47.856] [INFO] errors - quantity errors: 2listOfOrders: 5
[2019-02-08T22:58:27.136] [INFO] errors - quantity errors: 1listOfOrders: 2
[2019-02-08T22:58:28.777] [INFO] errors - quantity errors: 2listOfOrders: 3
[2019-02-08T22:58:30.145] [INFO] errors - quantity errors: 0listOfOrders: 1
[2019-02-08T22:58:31.056] [INFO] errors - quantity errors: 0listOfOrders: 1
[2019-02-08T22:58:32.166] [INFO] errors - quantity errors: 0listOfOrders: 1
[2019-02-08T22:58:33.107] [INFO] errors - quantity errors: 0listOfOrders: 1
[2019-02-08T22:58:34.228] [INFO] errors - quantity errors: 0listOfOrders: 1
[2019-02-08T22:58:35.854] [INFO] errors - quantity errors: 1listOfOrders: 2
[2019-02-08T22:58:37.242] [INFO] errors - quantity errors: 2listOfOrders: 3
[2019-02-08T22:58:38.576] [INFO] errors - quantity errors: 3listOfOrders: 4
[2019-02-08T22:58:40.232] [INFO] errors - quantity errors: 4listOfOrders: 5
[2019-02-08T22:58:41.818] [INFO] errors - quantity errors: 5listOfOrders: 6
[2019-02-08T22:58:43.183] [INFO] errors - quantity errors: 6listOfOrders: 7
[2019-02-08T22:58:44.707] [INFO] errors - quantity errors: 7listOfOrders: 8
[2019-02-08T22:58:46.139] [INFO] errors - quantity errors: 8listOfOrders: 9
[2019-02-08T22:58:47.161] [INFO] errors - quantity errors: 4listOfOrders: 5
[2019-02-08T22:58:49.936] [INFO] errors - quantity errors: 4listOfOrders: 5
[2019-02-08T22:58:51.564] [INFO] errors - quantity errors: 5listOfOrders: 6
[2019-02-08T22:58:52.929] [INFO] errors - quantity errors: 6listOfOrders: 7
[2019-02-08T22:58:54.468] [INFO] errors - quantity errors: 7listOfOrders: 8
[2019-02-08T22:58:56.963] [INFO] errors - quantity errors: 8listOfOrders: 9
[2019-02-08T23:00:33.664] [INFO] errors - quantity errors: 3listOfOrders: 4
[2019-02-08T23:00:34.615] [INFO] errors - quantity errors: 3listOfOrders: 4
[2019-02-08T23:00:35.531] [INFO] errors - quantity errors: 3listOfOrders: 4
[2019-02-08T23:00:36.593] [INFO] errors - quantity errors: 3listOfOrders: 4
[2019-02-08T23:00:37.931] [INFO] errors - quantity errors: 4listOfOrders: 5
[2019-02-08T23:00:39.396] [INFO] errors - quantity errors: 5listOfOrders: 6
[2019-02-08T23:00:40.797] [INFO] errors - quantity errors: 6listOfOrders: 7
[2019-02-08T23:00:42.155] [INFO] errors - quantity errors: 7listOfOrders: 8
[2019-02-08T23:00:43.495] [INFO] errors - quantity errors: 6listOfOrders: 7
[2019-02-08T23:00:44.850] [INFO] errors - quantity errors: 7listOfOrders: 8
[2019-02-08T23:00:46.220] [INFO] errors - quantity errors: 8listOfOrders: 9
[2019-02-08T23:00:47.600] [INFO] errors - quantity errors: 9listOfOrders: 10
[2019-02-08T23:00:48.934] [INFO] errors - quantity errors: 10listOfOrders: 11
[2019-02-08T23:00:50.271] [INFO] errors - quantity errors: 11listOfOrders: 12
[2019-02-08T23:00:51.679] [INFO] errors - quantity errors: 12listOfOrders: 13
[2019-02-08T23:00:52.643] [INFO] errors - quantity errors: 12listOfOrders: 13
[2019-02-08T23:03:38.981] [INFO] errors - quantity errors: 7listOfOrders: 11
[2019-02-08T23:03:39.911] [INFO] errors - quantity errors: 4listOfOrders: 11
[2019-02-08T23:03:40.992] [INFO] errors - quantity errors: 1listOfOrders: 8
[2019-02-08T23:03:41.977] [INFO] errors - quantity errors: -2listOfOrders: 7
[2019-02-08T23:03:42.969] [INFO] errors - quantity errors: -2listOfOrders: 7
[2019-02-08T23:03:44.413] [INFO] errors - quantity errors: -1listOfOrders: 8
[2019-02-08T23:03:45.832] [INFO] errors - quantity errors: -1listOfOrders: 8
[2019-02-08T23:03:46.963] [INFO] errors - quantity errors: -5listOfOrders: 4
[2019-02-08T23:03:49.101] [INFO] errors - quantity errors: -5listOfOrders: 4
[2019-02-08T23:03:53.314] [INFO] errors - quantity errors: -4listOfOrders: 5
[2019-02-08T23:03:54.654] [INFO] errors - quantity errors: -3listOfOrders: 6
[2019-02-08T23:03:56.007] [INFO] errors - quantity errors: -2listOfOrders: 7
[2019-02-08T23:03:56.922] [INFO] errors - quantity errors: -4listOfOrders: 5
[2019-02-08T23:03:58.323] [INFO] errors - quantity errors: -3listOfOrders: 6
[2019-02-08T23:03:59.767] [INFO] errors - quantity errors: -2listOfOrders: 7
[2019-02-08T23:04:01.119] [INFO] errors - quantity errors: -1listOfOrders: 8
[2019-02-08T23:04:02.647] [INFO] errors - quantity errors: 0listOfOrders: 9
[2019-02-08T23:04:04.048] [INFO] errors - quantity errors: 1listOfOrders: 10
[2019-02-08T23:04:05.480] [INFO] errors - quantity errors: 0listOfOrders: 9
[2019-02-08T23:04:07.887] [INFO] errors - quantity errors: 0listOfOrders: 9
[2019-02-08T23:04:08.778] [INFO] errors - quantity errors: 0listOfOrders: 9
[2019-02-08T23:04:09.687] [INFO] errors - quantity errors: 0listOfOrders: 9
[2019-02-08T23:04:10.618] [INFO] errors - quantity errors: 0listOfOrders: 9
[2019-02-08T23:04:12.020] [INFO] errors - quantity errors: 1listOfOrders: 10
[2019-02-08T23:04:13.398] [INFO] errors - quantity errors: 2listOfOrders: 11
[2019-02-08T23:04:14.838] [INFO] errors - quantity errors: 3listOfOrders: 12
[2019-02-08T23:04:16.175] [INFO] errors - quantity errors: 4listOfOrders: 13
[2019-02-08T23:04:17.540] [INFO] errors - quantity errors: 5listOfOrders: 14
[2019-02-08T23:04:18.998] [INFO] errors - quantity errors: 6listOfOrders: 15
[2019-02-08T23:04:20.013] [INFO] errors - quantity errors: 6listOfOrders: 15
[2019-02-08T23:04:20.968] [INFO] errors - quantity errors: 6listOfOrders: 15
[2019-02-08T23:04:22.435] [INFO] errors - quantity errors: 7listOfOrders: 16
[2019-02-08T23:36:19.173] [ERROR] errors - Cancel error: The transaction has been traded, failure
[2019-02-08T23:36:56.656] [ERROR] errors - Cancel error: The transaction has been traded, failure
[2019-02-08T23:36:57.071] [ERROR] errors - Cancel error: The transaction has been traded, failure
[2019-02-08T23:47:53.003] [ERROR] errors - Cancel error: The transaction has been traded, failure
[2019-02-10T22:23:21.447] [ERROR] errors - Cancel error: The transaction has been traded, failure
[2019-02-10T22:57:11.050] [ERROR] errors - Binance_getOrderBook: FetchError: request to https://api.binance.com/api/v1/depth?symbol=ETHBTC&limit=10 failed, reason: read ETIMEDOUT
